{"C:\\Users\\Admin\\Desktop\\react\\namaste_react\\src\\components\\Body.js": {"path":"C:\\Users\\Admin\\Desktop\\react\\namaste_react\\src\\components\\Body.js","statementMap":{"0":{"start":{"line":9,"column":13},"end":{"line":119,"column":1}},"1":{"start":{"line":10,"column":26},"end":{"line":10,"column":38}},"2":{"start":{"line":12,"column":54},"end":{"line":12,"column":66}},"3":{"start":{"line":13,"column":38},"end":{"line":13,"column":50}},"4":{"start":{"line":15,"column":33},"end":{"line":15,"column":66}},"5":{"start":{"line":18,"column":2},"end":{"line":20,"column":9}},"6":{"start":{"line":19,"column":4},"end":{"line":19,"column":16}},"7":{"start":{"line":33,"column":20},"end":{"line":44,"column":3}},"8":{"start":{"line":34,"column":17},"end":{"line":34,"column":37}},"9":{"start":{"line":35,"column":17},"end":{"line":35,"column":34}},"10":{"start":{"line":38,"column":4},"end":{"line":40,"column":6}},"11":{"start":{"line":41,"column":4},"end":{"line":43,"column":6}},"12":{"start":{"line":49,"column":23},"end":{"line":49,"column":40}},"13":{"start":{"line":50,"column":2},"end":{"line":55,"column":6}},"14":{"start":{"line":51,"column":4},"end":{"line":55,"column":6}},"15":{"start":{"line":57,"column":40},"end":{"line":57,"column":63}},"16":{"start":{"line":59,"column":2},"end":{"line":118,"column":4}},"17":{"start":{"line":71,"column":14},"end":{"line":71,"column":44}},"18":{"start":{"line":77,"column":41},"end":{"line":79,"column":15}},"19":{"start":{"line":78,"column":16},"end":{"line":78,"column":78}},"20":{"start":{"line":80,"column":14},"end":{"line":80,"column":56}},"21":{"start":{"line":89,"column":33},"end":{"line":89,"column":75}},"22":{"start":{"line":89,"column":52},"end":{"line":89,"column":74}},"23":{"start":{"line":90,"column":12},"end":{"line":90,"column":48}},"24":{"start":{"line":100,"column":12},"end":{"line":100,"column":40}},"25":{"start":{"line":107,"column":10},"end":{"line":114,"column":17}}},"fnMap":{"0":{"name":"(anonymous_0)","decl":{"start":{"line":9,"column":13},"end":{"line":9,"column":14}},"loc":{"start":{"line":9,"column":19},"end":{"line":119,"column":1}},"line":9},"1":{"name":"(anonymous_1)","decl":{"start":{"line":18,"column":12},"end":{"line":18,"column":13}},"loc":{"start":{"line":18,"column":18},"end":{"line":20,"column":3}},"line":18},"2":{"name":"(anonymous_2)","decl":{"start":{"line":33,"column":20},"end":{"line":33,"column":21}},"loc":{"start":{"line":33,"column":32},"end":{"line":44,"column":3}},"line":33},"3":{"name":"(anonymous_3)","decl":{"start":{"line":70,"column":22},"end":{"line":70,"column":23}},"loc":{"start":{"line":70,"column":29},"end":{"line":72,"column":13}},"line":70},"4":{"name":"(anonymous_4)","decl":{"start":{"line":76,"column":21},"end":{"line":76,"column":22}},"loc":{"start":{"line":76,"column":27},"end":{"line":81,"column":13}},"line":76},"5":{"name":"(anonymous_5)","decl":{"start":{"line":77,"column":53},"end":{"line":77,"column":54}},"loc":{"start":{"line":78,"column":16},"end":{"line":78,"column":78}},"line":78},"6":{"name":"(anonymous_6)","decl":{"start":{"line":88,"column":19},"end":{"line":88,"column":20}},"loc":{"start":{"line":88,"column":25},"end":{"line":91,"column":11}},"line":88},"7":{"name":"(anonymous_7)","decl":{"start":{"line":89,"column":45},"end":{"line":89,"column":46}},"loc":{"start":{"line":89,"column":52},"end":{"line":89,"column":74}},"line":89},"8":{"name":"(anonymous_8)","decl":{"start":{"line":99,"column":20},"end":{"line":99,"column":21}},"loc":{"start":{"line":99,"column":27},"end":{"line":101,"column":11}},"line":99},"9":{"name":"(anonymous_9)","decl":{"start":{"line":106,"column":32},"end":{"line":106,"column":33}},"loc":{"start":{"line":107,"column":10},"end":{"line":114,"column":17}},"line":107}},"branchMap":{"0":{"loc":{"start":{"line":50,"column":2},"end":{"line":55,"column":6}},"type":"if","locations":[{"start":{"line":50,"column":2},"end":{"line":55,"column":6}},{"start":{},"end":{}}],"line":50},"1":{"loc":{"start":{"line":59,"column":9},"end":{"line":118,"column":3}},"type":"cond-expr","locations":[{"start":{"line":60,"column":4},"end":{"line":60,"column":15}},{"start":{"line":62,"column":4},"end":{"line":117,"column":10}}],"line":59},"2":{"loc":{"start":{"line":109,"column":13},"end":{"line":113,"column":13}},"type":"cond-expr","locations":[{"start":{"line":110,"column":14},"end":{"line":110,"column":54}},{"start":{"line":112,"column":14},"end":{"line":112,"column":46}}],"line":109}},"s":{"0":1,"1":7,"2":7,"3":7,"4":7,"5":7,"6":2,"7":7,"8":2,"9":2,"10":2,"11":2,"12":7,"13":7,"14":0,"15":7,"16":7,"17":1,"18":1,"19":20,"20":1,"21":1,"22":20,"23":1,"24":0,"25":74},"f":{"0":7,"1":2,"2":2,"3":1,"4":1,"5":20,"6":1,"7":20,"8":0,"9":74},"b":{"0":[0,7],"1":[2,5],"2":[62,12]},"_coverageSchema":"1a1c01bbd47fc00a2c39e90264f33305004495a9","hash":"945037c9526a7c5d274d4d24c401d7585984af6a"}
,"C:\\Users\\Admin\\Desktop\\react\\namaste_react\\src\\components\\Cart.js": {"path":"C:\\Users\\Admin\\Desktop\\react\\namaste_react\\src\\components\\Cart.js","statementMap":{"0":{"start":{"line":5,"column":13},"end":{"line":37,"column":1}},"1":{"start":{"line":7,"column":20},"end":{"line":7,"column":60}},"2":{"start":{"line":7,"column":43},"end":{"line":7,"column":59}},"3":{"start":{"line":11,"column":19},"end":{"line":11,"column":32}},"4":{"start":{"line":12,"column":26},"end":{"line":14,"column":3}},"5":{"start":{"line":13,"column":4},"end":{"line":13,"column":26}},"6":{"start":{"line":15,"column":2},"end":{"line":36,"column":4}}},"fnMap":{"0":{"name":"(anonymous_0)","decl":{"start":{"line":5,"column":13},"end":{"line":5,"column":14}},"loc":{"start":{"line":5,"column":19},"end":{"line":37,"column":1}},"line":5},"1":{"name":"(anonymous_1)","decl":{"start":{"line":7,"column":32},"end":{"line":7,"column":33}},"loc":{"start":{"line":7,"column":43},"end":{"line":7,"column":59}},"line":7},"2":{"name":"(anonymous_2)","decl":{"start":{"line":12,"column":26},"end":{"line":12,"column":27}},"loc":{"start":{"line":12,"column":32},"end":{"line":14,"column":3}},"line":12}},"branchMap":{"0":{"loc":{"start":{"line":25,"column":9},"end":{"line":32,"column":9}},"type":"binary-expr","locations":[{"start":{"line":25,"column":9},"end":{"line":25,"column":31}},{"start":{"line":26,"column":10},"end":{"line":31,"column":15}}],"line":25}},"s":{"0":1,"1":4,"2":8,"3":4,"4":4,"5":1,"6":4},"f":{"0":4,"1":8,"2":1},"b":{"0":[4,2]},"_coverageSchema":"1a1c01bbd47fc00a2c39e90264f33305004495a9","hash":"f1a0c542d473371de9a6c29032fc0c534edeb87e"}
,"C:\\Users\\Admin\\Desktop\\react\\namaste_react\\src\\components\\Header.js": {"path":"C:\\Users\\Admin\\Desktop\\react\\namaste_react\\src\\components\\Header.js","statementMap":{"0":{"start":{"line":8,"column":15},"end":{"line":74,"column":1}},"1":{"start":{"line":9,"column":32},"end":{"line":9,"column":49}},"2":{"start":{"line":17,"column":23},"end":{"line":17,"column":40}},"3":{"start":{"line":18,"column":27},"end":{"line":18,"column":50}},"4":{"start":{"line":19,"column":20},"end":{"line":19,"column":60}},"5":{"start":{"line":19,"column":43},"end":{"line":19,"column":59}},"6":{"start":{"line":23,"column":2},"end":{"line":27,"column":3}},"7":{"start":{"line":24,"column":4},"end":{"line":24,"column":26}},"8":{"start":{"line":26,"column":4},"end":{"line":26,"column":27}},"9":{"start":{"line":29,"column":2},"end":{"line":73,"column":4}},"10":{"start":{"line":65,"column":14},"end":{"line":65,"column":78}}},"fnMap":{"0":{"name":"(anonymous_0)","decl":{"start":{"line":8,"column":15},"end":{"line":8,"column":16}},"loc":{"start":{"line":8,"column":21},"end":{"line":74,"column":1}},"line":8},"1":{"name":"(anonymous_1)","decl":{"start":{"line":19,"column":32},"end":{"line":19,"column":33}},"loc":{"start":{"line":19,"column":43},"end":{"line":19,"column":59}},"line":19},"2":{"name":"(anonymous_2)","decl":{"start":{"line":64,"column":21},"end":{"line":64,"column":22}},"loc":{"start":{"line":65,"column":14},"end":{"line":65,"column":78}},"line":65}},"branchMap":{"0":{"loc":{"start":{"line":23,"column":2},"end":{"line":27,"column":3}},"type":"if","locations":[{"start":{"line":23,"column":2},"end":{"line":27,"column":3}},{"start":{"line":25,"column":9},"end":{"line":27,"column":3}}],"line":23},"1":{"loc":{"start":{"line":65,"column":14},"end":{"line":65,"column":78}},"type":"cond-expr","locations":[{"start":{"line":65,"column":36},"end":{"line":65,"column":56}},{"start":{"line":65,"column":59},"end":{"line":65,"column":78}}],"line":65}},"s":{"0":2,"1":8,"2":8,"3":8,"4":8,"5":15,"6":8,"7":8,"8":0,"9":8,"10":1},"f":{"0":8,"1":15,"2":1},"b":{"0":[8,0],"1":[1,0]},"_coverageSchema":"1a1c01bbd47fc00a2c39e90264f33305004495a9","hash":"4e7ca441c6999c7967fcfeec96d44d0c26daaba2"}
,"C:\\Users\\Admin\\Desktop\\react\\namaste_react\\src\\components\\ItemList.js": {"path":"C:\\Users\\Admin\\Desktop\\react\\namaste_react\\src\\components\\ItemList.js","statementMap":{"0":{"start":{"line":5,"column":17},"end":{"line":56,"column":1}},"1":{"start":{"line":6,"column":19},"end":{"line":6,"column":24}},"2":{"start":{"line":8,"column":19},"end":{"line":8,"column":32}},"3":{"start":{"line":9,"column":24},"end":{"line":12,"column":3}},"4":{"start":{"line":11,"column":4},"end":{"line":11,"column":25}},"5":{"start":{"line":13,"column":2},"end":{"line":55,"column":4}},"6":{"start":{"line":16,"column":8},"end":{"line":52,"column":14}},"7":{"start":{"line":39,"column":18},"end":{"line":39,"column":34}}},"fnMap":{"0":{"name":"(anonymous_0)","decl":{"start":{"line":5,"column":17},"end":{"line":5,"column":18}},"loc":{"start":{"line":5,"column":28},"end":{"line":56,"column":1}},"line":5},"1":{"name":"(anonymous_1)","decl":{"start":{"line":9,"column":24},"end":{"line":9,"column":25}},"loc":{"start":{"line":9,"column":31},"end":{"line":12,"column":3}},"line":9},"2":{"name":"(anonymous_2)","decl":{"start":{"line":15,"column":16},"end":{"line":15,"column":17}},"loc":{"start":{"line":16,"column":8},"end":{"line":52,"column":14}},"line":16},"3":{"name":"(anonymous_3)","decl":{"start":{"line":38,"column":25},"end":{"line":38,"column":26}},"loc":{"start":{"line":38,"column":31},"end":{"line":40,"column":17}},"line":38}},"branchMap":{"0":{"loc":{"start":{"line":28,"column":17},"end":{"line":29,"column":51}},"type":"binary-expr","locations":[{"start":{"line":28,"column":17},"end":{"line":28,"column":43}},{"start":{"line":29,"column":18},"end":{"line":29,"column":51}}],"line":28}},"s":{"0":1,"1":5,"2":5,"3":5,"4":2,"5":5,"6":8,"7":2},"f":{"0":5,"1":2,"2":8,"3":2},"b":{"0":[8,0]},"_coverageSchema":"1a1c01bbd47fc00a2c39e90264f33305004495a9","hash":"665be402d2ddac5a7971586ea899041a32b25741"}
,"C:\\Users\\Admin\\Desktop\\react\\namaste_react\\src\\components\\RestaurantCard.js": {"path":"C:\\Users\\Admin\\Desktop\\react\\namaste_react\\src\\components\\RestaurantCard.js","statementMap":{"0":{"start":{"line":5,"column":23},"end":{"line":37,"column":1}},"1":{"start":{"line":6,"column":22},"end":{"line":6,"column":27}},"2":{"start":{"line":7,"column":27},"end":{"line":7,"column":50}},"3":{"start":{"line":16,"column":6},"end":{"line":16,"column":19}},"4":{"start":{"line":18,"column":2},"end":{"line":36,"column":4}},"5":{"start":{"line":41,"column":33},"end":{"line":57,"column":1}},"6":{"start":{"line":42,"column":2},"end":{"line":56,"column":4}},"7":{"start":{"line":43,"column":24},"end":{"line":43,"column":29}},"8":{"start":{"line":44,"column":34},"end":{"line":44,"column":73}},"9":{"start":{"line":45,"column":4},"end":{"line":55,"column":6}}},"fnMap":{"0":{"name":"(anonymous_0)","decl":{"start":{"line":5,"column":23},"end":{"line":5,"column":24}},"loc":{"start":{"line":5,"column":34},"end":{"line":37,"column":1}},"line":5},"1":{"name":"(anonymous_1)","decl":{"start":{"line":41,"column":33},"end":{"line":41,"column":34}},"loc":{"start":{"line":41,"column":53},"end":{"line":57,"column":1}},"line":41},"2":{"name":"(anonymous_2)","decl":{"start":{"line":42,"column":9},"end":{"line":42,"column":10}},"loc":{"start":{"line":42,"column":20},"end":{"line":56,"column":3}},"line":42}},"branchMap":{},"s":{"0":2,"1":75,"2":75,"3":75,"4":75,"5":2,"6":7,"7":62,"8":62,"9":62},"f":{"0":75,"1":7,"2":62},"b":{},"_coverageSchema":"1a1c01bbd47fc00a2c39e90264f33305004495a9","hash":"31ab83730058bbf399cb7340e48beaa871976ca8"}
,"C:\\Users\\Admin\\Desktop\\react\\namaste_react\\src\\components\\RestaurantMenu.js": {"path":"C:\\Users\\Admin\\Desktop\\react\\namaste_react\\src\\components\\RestaurantMenu.js","statementMap":{"0":{"start":{"line":11,"column":23},"end":{"line":72,"column":1}},"1":{"start":{"line":13,"column":20},"end":{"line":13,"column":31}},"2":{"start":{"line":14,"column":18},"end":{"line":14,"column":42}},"3":{"start":{"line":16,"column":36},"end":{"line":16,"column":50}},"4":{"start":{"line":30,"column":2},"end":{"line":30,"column":43}},"5":{"start":{"line":30,"column":24},"end":{"line":30,"column":43}},"6":{"start":{"line":33,"column":4},"end":{"line":33,"column":39}},"7":{"start":{"line":36,"column":4},"end":{"line":36,"column":79}},"8":{"start":{"line":39,"column":4},"end":{"line":43,"column":5}},"9":{"start":{"line":41,"column":8},"end":{"line":42,"column":70}},"10":{"start":{"line":45,"column":2},"end":{"line":71,"column":4}},"11":{"start":{"line":60,"column":8},"end":{"line":68,"column":10}},"12":{"start":{"line":65,"column":12},"end":{"line":66,"column":37}},"13":{"start":{"line":65,"column":37},"end":{"line":65,"column":54}},"14":{"start":{"line":66,"column":17},"end":{"line":66,"column":37}}},"fnMap":{"0":{"name":"(anonymous_0)","decl":{"start":{"line":11,"column":23},"end":{"line":11,"column":24}},"loc":{"start":{"line":11,"column":29},"end":{"line":72,"column":1}},"line":11},"1":{"name":"(anonymous_1)","decl":{"start":{"line":40,"column":6},"end":{"line":40,"column":7}},"loc":{"start":{"line":41,"column":8},"end":{"line":42,"column":70}},"line":41},"2":{"name":"(anonymous_2)","decl":{"start":{"line":58,"column":22},"end":{"line":58,"column":23}},"loc":{"start":{"line":60,"column":8},"end":{"line":68,"column":10}},"line":60},"3":{"name":"(anonymous_3)","decl":{"start":{"line":64,"column":24},"end":{"line":64,"column":25}},"loc":{"start":{"line":64,"column":30},"end":{"line":67,"column":11}},"line":64}},"branchMap":{"0":{"loc":{"start":{"line":30,"column":2},"end":{"line":30,"column":43}},"type":"if","locations":[{"start":{"line":30,"column":2},"end":{"line":30,"column":43}},{"start":{},"end":{}}],"line":30},"1":{"loc":{"start":{"line":63,"column":21},"end":{"line":63,"column":55}},"type":"cond-expr","locations":[{"start":{"line":63,"column":43},"end":{"line":63,"column":47}},{"start":{"line":63,"column":50},"end":{"line":63,"column":55}}],"line":63},"2":{"loc":{"start":{"line":65,"column":12},"end":{"line":66,"column":37}},"type":"if","locations":[{"start":{"line":65,"column":12},"end":{"line":66,"column":37}},{"start":{"line":66,"column":17},"end":{"line":66,"column":37}}],"line":65}},"s":{"0":1,"1":3,"2":3,"3":3,"4":3,"5":1,"6":2,"7":2,"8":2,"9":36,"10":2,"11":30,"12":1,"13":0,"14":1},"f":{"0":3,"1":36,"2":30,"3":1},"b":{"0":[1,2],"1":[1,29],"2":[0,1]},"_coverageSchema":"1a1c01bbd47fc00a2c39e90264f33305004495a9","hash":"d46daa9880e2df2bce177e15b391795bd59fe7f2"}
,"C:\\Users\\Admin\\Desktop\\react\\namaste_react\\src\\utils\\appStore.js": {"path":"C:\\Users\\Admin\\Desktop\\react\\namaste_react\\src\\utils\\appStore.js","statementMap":{"0":{"start":{"line":4,"column":17},"end":{"line":9,"column":2}}},"fnMap":{},"branchMap":{},"s":{"0":2},"f":{},"b":{},"_coverageSchema":"1a1c01bbd47fc00a2c39e90264f33305004495a9","hash":"fb65b57e1264d66dd45f1af0d44a7fd243447120"}
,"C:\\Users\\Admin\\Desktop\\react\\namaste_react\\src\\utils\\constants.js": {"path":"C:\\Users\\Admin\\Desktop\\react\\namaste_react\\src\\utils\\constants.js","statementMap":{"0":{"start":{"line":2,"column":2},"end":{"line":2,"column":85}},"1":{"start":{"line":5,"column":2},"end":{"line":8,"column":3}},"2":{"start":{"line":10,"column":2},"end":{"line":13,"column":3}}},"fnMap":{},"branchMap":{},"s":{"0":3,"1":3,"2":3},"f":{},"b":{},"_coverageSchema":"1a1c01bbd47fc00a2c39e90264f33305004495a9","hash":"faea5fe704d962ba8c0f24e04e3b6fcd1ff40c6e"}
}
