TN:
SF:src\components\Body.js
FN:9,(anonymous_0)
FN:18,(anonymous_1)
FN:33,(anonymous_2)
FN:70,(anonymous_3)
FN:76,(anonymous_4)
FN:77,(anonymous_5)
FN:88,(anonymous_6)
FN:89,(anonymous_7)
FN:99,(anonymous_8)
FN:106,(anonymous_9)
FNF:10
FNH:9
FNDA:7,(anonymous_0)
FNDA:2,(anonymous_1)
FNDA:2,(anonymous_2)
FNDA:1,(anonymous_3)
FNDA:1,(anonymous_4)
FNDA:20,(anonymous_5)
FNDA:1,(anonymous_6)
FNDA:20,(anonymous_7)
FNDA:0,(anonymous_8)
FNDA:74,(anonymous_9)
DA:9,1
DA:10,7
DA:12,7
DA:13,7
DA:15,7
DA:18,7
DA:19,2
DA:33,7
DA:34,2
DA:35,2
DA:38,2
DA:41,2
DA:49,7
DA:50,7
DA:51,0
DA:57,7
DA:59,7
DA:71,1
DA:77,1
DA:78,20
DA:80,1
DA:89,20
DA:90,1
DA:100,0
DA:107,74
LF:25
LH:23
BRDA:50,0,0,0
BRDA:50,0,1,7
BRDA:59,1,0,2
BRDA:59,1,1,5
BRDA:109,2,0,62
BRDA:109,2,1,12
BRF:6
BRH:5
end_of_record
TN:
SF:src\components\Cart.js
FN:5,(anonymous_0)
FN:7,(anonymous_1)
FN:12,(anonymous_2)
FNF:3
FNH:3
FNDA:4,(anonymous_0)
FNDA:8,(anonymous_1)
FNDA:1,(anonymous_2)
DA:5,1
DA:7,8
DA:11,4
DA:12,4
DA:13,1
DA:15,4
LF:6
LH:6
BRDA:25,0,0,4
BRDA:25,0,1,2
BRF:2
BRH:2
end_of_record
TN:
SF:src\components\Header.js
FN:8,(anonymous_0)
FN:19,(anonymous_1)
FN:64,(anonymous_2)
FNF:3
FNH:3
FNDA:8,(anonymous_0)
FNDA:15,(anonymous_1)
FNDA:1,(anonymous_2)
DA:8,2
DA:9,8
DA:17,8
DA:18,8
DA:19,15
DA:23,8
DA:24,8
DA:26,0
DA:29,8
DA:65,1
LF:10
LH:9
BRDA:23,0,0,8
BRDA:23,0,1,0
BRDA:65,1,0,1
BRDA:65,1,1,0
BRF:4
BRH:2
end_of_record
TN:
SF:src\components\ItemList.js
FN:5,(anonymous_0)
FN:9,(anonymous_1)
FN:15,(anonymous_2)
FN:38,(anonymous_3)
FNF:4
FNH:4
FNDA:5,(anonymous_0)
FNDA:2,(anonymous_1)
FNDA:8,(anonymous_2)
FNDA:2,(anonymous_3)
DA:5,1
DA:6,5
DA:8,5
DA:9,5
DA:11,2
DA:13,5
DA:16,8
DA:39,2
LF:8
LH:8
BRDA:28,0,0,8
BRDA:28,0,1,0
BRF:2
BRH:1
end_of_record
TN:
SF:src\components\RestaurantCard.js
FN:5,(anonymous_0)
FN:41,(anonymous_1)
FN:42,(anonymous_2)
FNF:3
FNH:3
FNDA:75,(anonymous_0)
FNDA:7,(anonymous_1)
FNDA:62,(anonymous_2)
DA:5,2
DA:6,75
DA:7,75
DA:16,75
DA:18,75
DA:41,2
DA:42,7
DA:43,62
DA:44,62
DA:45,62
LF:10
LH:10
BRF:0
BRH:0
end_of_record
TN:
SF:src\components\RestaurantMenu.js
FN:11,(anonymous_0)
FN:40,(anonymous_1)
FN:58,(anonymous_2)
FN:64,(anonymous_3)
FNF:4
FNH:4
FNDA:3,(anonymous_0)
FNDA:36,(anonymous_1)
FNDA:30,(anonymous_2)
FNDA:1,(anonymous_3)
DA:11,1
DA:13,3
DA:14,3
DA:16,3
DA:30,3
DA:33,2
DA:36,2
DA:39,2
DA:41,36
DA:45,2
DA:60,30
DA:65,1
DA:66,1
LF:13
LH:13
BRDA:30,0,0,1
BRDA:30,0,1,2
BRDA:63,1,0,1
BRDA:63,1,1,29
BRDA:65,2,0,0
BRDA:65,2,1,1
BRF:6
BRH:5
end_of_record
TN:
SF:src\utils\appStore.js
FNF:0
FNH:0
DA:4,2
LF:1
LH:1
BRF:0
BRH:0
end_of_record
TN:
SF:src\utils\constants.js
FNF:0
FNH:0
DA:2,3
DA:5,3
DA:10,3
LF:3
LH:3
BRF:0
BRH:0
end_of_record
